-------------------------------------------------------------------------------
Test set: gt.gob.rgm.adm.model.RugSecuUsuarioTest
-------------------------------------------------------------------------------
Tests run: 56, Failures: 56, Errors: 0, Skipped: 0, Time elapsed: 0.141 sec <<< FAILURE! - in gt.gob.rgm.adm.model.RugSecuUsuarioTest
testSetPregRecuperaPsw(gt.gob.rgm.adm.model.RugSecuUsuarioTest)  Time elapsed: 0.01 sec  <<< FAILURE!
java.lang.AssertionError: The test case is a prototype.
	at gt.gob.rgm.adm.model.RugSecuUsuarioTest.testSetPregRecuperaPsw(RugSecuUsuarioTest.java:580)

testGetCveUsuario(gt.gob.rgm.adm.model.RugSecuUsuarioTest)  Time elapsed: 0 sec  <<< FAILURE!
java.lang.AssertionError: expected:<> but was:<null>
	at gt.gob.rgm.adm.model.RugSecuUsuarioTest.testGetCveUsuario(RugSecuUsuarioTest.java:187)

testSetSitUsuario(gt.gob.rgm.adm.model.RugSecuUsuarioTest)  Time elapsed: 0 sec  <<< FAILURE!
java.lang.AssertionError: The test case is a prototype.
	at gt.gob.rgm.adm.model.RugSecuUsuarioTest.testSetSitUsuario(RugSecuUsuarioTest.java:634)

testGetFhUltActualizacion(gt.gob.rgm.adm.model.RugSecuUsuarioTest)  Time elapsed: 0 sec  <<< FAILURE!
java.lang.AssertionError: The test case is a prototype.
	at gt.gob.rgm.adm.model.RugSecuUsuarioTest.testGetFhUltActualizacion(RugSecuUsuarioTest.java:405)

testSetPassword(gt.gob.rgm.adm.model.RugSecuUsuarioTest)  Time elapsed: 0 sec  <<< FAILURE!
java.lang.AssertionError: The test case is a prototype.
	at gt.gob.rgm.adm.model.RugSecuUsuarioTest.testSetPassword(RugSecuUsuarioTest.java:553)

testGetFhUltAcceso(gt.gob.rgm.adm.model.RugSecuUsuarioTest)  Time elapsed: 0 sec  <<< FAILURE!
java.lang.AssertionError: The test case is a prototype.
	at gt.gob.rgm.adm.model.RugSecuUsuarioTest.testGetFhUltAcceso(RugSecuUsuarioTest.java:378)

testSetFAsignaPsw(gt.gob.rgm.adm.model.RugSecuUsuarioTest)  Time elapsed: 0 sec  <<< FAILURE!
java.lang.AssertionError: The test case is a prototype.
	at gt.gob.rgm.adm.model.RugSecuUsuarioTest.testSetFAsignaPsw(RugSecuUsuarioTest.java:256)

testGetPassword(gt.gob.rgm.adm.model.RugSecuUsuarioTest)  Time elapsed: 0 sec  <<< FAILURE!
java.lang.AssertionError: expected:<> but was:<null>
	at gt.gob.rgm.adm.model.RugSecuUsuarioTest.testGetPassword(RugSecuUsuarioTest.java:538)

testSetNomAlias(gt.gob.rgm.adm.model.RugSecuUsuarioTest)  Time elapsed: 0.001 sec  <<< FAILURE!
java.lang.AssertionError: The test case is a prototype.
	at gt.gob.rgm.adm.model.RugSecuUsuarioTest.testSetNomAlias(RugSecuUsuarioTest.java:472)

testGetToken(gt.gob.rgm.adm.model.RugSecuUsuarioTest)  Time elapsed: 0 sec  <<< FAILURE!
java.lang.AssertionError: expected:<> but was:<null>
	at gt.gob.rgm.adm.model.RugSecuUsuarioTest.testGetToken(RugSecuUsuarioTest.java:646)

testGetNomAlias(gt.gob.rgm.adm.model.RugSecuUsuarioTest)  Time elapsed: 0 sec  <<< FAILURE!
java.lang.AssertionError: expected:<> but was:<null>
	at gt.gob.rgm.adm.model.RugSecuUsuarioTest.testGetNomAlias(RugSecuUsuarioTest.java:457)

testSetCveUsuarioPadre(gt.gob.rgm.adm.model.RugSecuUsuarioTest)  Time elapsed: 0.001 sec  <<< FAILURE!
java.lang.AssertionError: The test case is a prototype.
	at gt.gob.rgm.adm.model.RugSecuUsuarioTest.testSetCveUsuarioPadre(RugSecuUsuarioTest.java:229)

testGetNumLogInvalido(gt.gob.rgm.adm.model.RugSecuUsuarioTest)  Time elapsed: 0 sec  <<< FAILURE!
java.lang.AssertionError: The test case is a prototype.
	at gt.gob.rgm.adm.model.RugSecuUsuarioTest.testGetNumLogInvalido(RugSecuUsuarioTest.java:513)

testSetCveUsuario(gt.gob.rgm.adm.model.RugSecuUsuarioTest)  Time elapsed: 0.001 sec  <<< FAILURE!
java.lang.AssertionError: The test case is a prototype.
	at gt.gob.rgm.adm.model.RugSecuUsuarioTest.testSetCveUsuario(RugSecuUsuarioTest.java:202)

testGetNumErroresPsw(gt.gob.rgm.adm.model.RugSecuUsuarioTest)  Time elapsed: 0 sec  <<< FAILURE!
java.lang.AssertionError: The test case is a prototype.
	at gt.gob.rgm.adm.model.RugSecuUsuarioTest.testGetNumErroresPsw(RugSecuUsuarioTest.java:486)

testSetCorreos(gt.gob.rgm.adm.model.RugSecuUsuarioTest)  Time elapsed: 0.002 sec  <<< FAILURE!
java.lang.AssertionError: The test case is a prototype.
	at gt.gob.rgm.adm.model.RugSecuUsuarioTest.testSetCorreos(RugSecuUsuarioTest.java:769)

testGetFhRegistro(gt.gob.rgm.adm.model.RugSecuUsuarioTest)  Time elapsed: 0 sec  <<< FAILURE!
java.lang.AssertionError: The test case is a prototype.
	at gt.gob.rgm.adm.model.RugSecuUsuarioTest.testGetFhRegistro(RugSecuUsuarioTest.java:351)

testGetFVencePsw(gt.gob.rgm.adm.model.RugSecuUsuarioTest)  Time elapsed: 0 sec  <<< FAILURE!
java.lang.AssertionError: The test case is a prototype.
	at gt.gob.rgm.adm.model.RugSecuUsuarioTest.testGetFVencePsw(RugSecuUsuarioTest.java:297)

testGetCveAcreedor(gt.gob.rgm.adm.model.RugSecuUsuarioTest)  Time elapsed: 0 sec  <<< FAILURE!
java.lang.AssertionError: expected:<> but was:<null>
	at gt.gob.rgm.adm.model.RugSecuUsuarioTest.testGetCveAcreedor(RugSecuUsuarioTest.java:106)

testGetRespRecuperaPsw(gt.gob.rgm.adm.model.RugSecuUsuarioTest)  Time elapsed: 0.001 sec  <<< FAILURE!
java.lang.AssertionError: expected:<> but was:<null>
	at gt.gob.rgm.adm.model.RugSecuUsuarioTest.testGetRespRecuperaPsw(RugSecuUsuarioTest.java:592)

testGetIdPersona(gt.gob.rgm.adm.model.RugSecuUsuarioTest)  Time elapsed: 0 sec  <<< FAILURE!
java.lang.AssertionError: The test case is a prototype.
	at gt.gob.rgm.adm.model.RugSecuUsuarioTest.testGetIdPersona(RugSecuUsuarioTest.java:54)

testGetCveUsuAutenticacion(gt.gob.rgm.adm.model.RugSecuUsuarioTest)  Time elapsed: 0.001 sec  <<< FAILURE!
java.lang.AssertionError: expected:<> but was:<null>
	at gt.gob.rgm.adm.model.RugSecuUsuarioTest.testGetCveUsuAutenticacion(RugSecuUsuarioTest.java:160)

testSetIdGrupo(gt.gob.rgm.adm.model.RugSecuUsuarioTest)  Time elapsed: 0.001 sec  <<< FAILURE!
java.lang.AssertionError: The test case is a prototype.
	at gt.gob.rgm.adm.model.RugSecuUsuarioTest.testSetIdGrupo(RugSecuUsuarioTest.java:445)

testGetPersona(gt.gob.rgm.adm.model.RugSecuUsuarioTest)  Time elapsed: 0 sec  <<< FAILURE!
java.lang.AssertionError: The test case is a prototype.
	at gt.gob.rgm.adm.model.RugSecuUsuarioTest.testGetPersona(RugSecuUsuarioTest.java:702)

testSetPersonaFisica(gt.gob.rgm.adm.model.RugSecuUsuarioTest)  Time elapsed: 0 sec  <<< FAILURE!
java.lang.AssertionError: The test case is a prototype.
	at gt.gob.rgm.adm.model.RugSecuUsuarioTest.testSetPersonaFisica(RugSecuUsuarioTest.java:688)

testSetFhRegistro(gt.gob.rgm.adm.model.RugSecuUsuarioTest)  Time elapsed: 0 sec  <<< FAILURE!
java.lang.AssertionError: The test case is a prototype.
	at gt.gob.rgm.adm.model.RugSecuUsuarioTest.testSetFhRegistro(RugSecuUsuarioTest.java:364)

testSetAdjuntos(gt.gob.rgm.adm.model.RugSecuUsuarioTest)  Time elapsed: 0 sec  <<< FAILURE!
java.lang.AssertionError: The test case is a prototype.
	at gt.gob.rgm.adm.model.RugSecuUsuarioTest.testSetAdjuntos(RugSecuUsuarioTest.java:742)

testGetIsJudicial(gt.gob.rgm.adm.model.RugSecuUsuarioTest)  Time elapsed: 0 sec  <<< FAILURE!
java.lang.AssertionError: expected:<> but was:<null>
	at gt.gob.rgm.adm.model.RugSecuUsuarioTest.testGetIsJudicial(RugSecuUsuarioTest.java:781)

testSetRespRecuperaPsw(gt.gob.rgm.adm.model.RugSecuUsuarioTest)  Time elapsed: 0.001 sec  <<< FAILURE!
java.lang.AssertionError: The test case is a prototype.
	at gt.gob.rgm.adm.model.RugSecuUsuarioTest.testSetRespRecuperaPsw(RugSecuUsuarioTest.java:607)

testGetAdjuntos(gt.gob.rgm.adm.model.RugSecuUsuarioTest)  Time elapsed: 0 sec  <<< FAILURE!
java.lang.AssertionError: The test case is a prototype.
	at gt.gob.rgm.adm.model.RugSecuUsuarioTest.testGetAdjuntos(RugSecuUsuarioTest.java:729)

testSetCveInstitucion(gt.gob.rgm.adm.model.RugSecuUsuarioTest)  Time elapsed: 0 sec  <<< FAILURE!
java.lang.AssertionError: The test case is a prototype.
	at gt.gob.rgm.adm.model.RugSecuUsuarioTest.testSetCveInstitucion(RugSecuUsuarioTest.java:148)

testSetFhUltActualizacion(gt.gob.rgm.adm.model.RugSecuUsuarioTest)  Time elapsed: 0 sec  <<< FAILURE!
java.lang.AssertionError: The test case is a prototype.
	at gt.gob.rgm.adm.model.RugSecuUsuarioTest.testSetFhUltActualizacion(RugSecuUsuarioTest.java:418)

testSetCveUsuAutenticacion(gt.gob.rgm.adm.model.RugSecuUsuarioTest)  Time elapsed: 0 sec  <<< FAILURE!
java.lang.AssertionError: The test case is a prototype.
	at gt.gob.rgm.adm.model.RugSecuUsuarioTest.testSetCveUsuAutenticacion(RugSecuUsuarioTest.java:175)

testSetFhUltAcceso(gt.gob.rgm.adm.model.RugSecuUsuarioTest)  Time elapsed: 0 sec  <<< FAILURE!
java.lang.AssertionError: The test case is a prototype.
	at gt.gob.rgm.adm.model.RugSecuUsuarioTest.testSetFhUltAcceso(RugSecuUsuarioTest.java:391)

testSetFVencePsw(gt.gob.rgm.adm.model.RugSecuUsuarioTest)  Time elapsed: 0 sec  <<< FAILURE!
java.lang.AssertionError: The test case is a prototype.
	at gt.gob.rgm.adm.model.RugSecuUsuarioTest.testSetFVencePsw(RugSecuUsuarioTest.java:310)

testSetFhBaja(gt.gob.rgm.adm.model.RugSecuUsuarioTest)  Time elapsed: 0.001 sec  <<< FAILURE!
java.lang.AssertionError: The test case is a prototype.
	at gt.gob.rgm.adm.model.RugSecuUsuarioTest.testSetFhBaja(RugSecuUsuarioTest.java:337)

testGetFProxCambPsw(gt.gob.rgm.adm.model.RugSecuUsuarioTest)  Time elapsed: 0 sec  <<< FAILURE!
java.lang.AssertionError: The test case is a prototype.
	at gt.gob.rgm.adm.model.RugSecuUsuarioTest.testGetFProxCambPsw(RugSecuUsuarioTest.java:270)

testSetIdPersona(gt.gob.rgm.adm.model.RugSecuUsuarioTest)  Time elapsed: 0 sec  <<< FAILURE!
java.lang.AssertionError: The test case is a prototype.
	at gt.gob.rgm.adm.model.RugSecuUsuarioTest.testSetIdPersona(RugSecuUsuarioTest.java:67)

testSetIsJudicial(gt.gob.rgm.adm.model.RugSecuUsuarioTest)  Time elapsed: 0.001 sec  <<< FAILURE!
java.lang.AssertionError: The test case is a prototype.
	at gt.gob.rgm.adm.model.RugSecuUsuarioTest.testSetIsJudicial(RugSecuUsuarioTest.java:796)

testGetFhBaja(gt.gob.rgm.adm.model.RugSecuUsuarioTest)  Time elapsed: 0.001 sec  <<< FAILURE!
java.lang.AssertionError: The test case is a prototype.
	at gt.gob.rgm.adm.model.RugSecuUsuarioTest.testGetFhBaja(RugSecuUsuarioTest.java:324)

testSetBFirmado(gt.gob.rgm.adm.model.RugSecuUsuarioTest)  Time elapsed: 0.001 sec  <<< FAILURE!
java.lang.AssertionError: The test case is a prototype.
	at gt.gob.rgm.adm.model.RugSecuUsuarioTest.testSetBFirmado(RugSecuUsuarioTest.java:94)

testGetBFirmado(gt.gob.rgm.adm.model.RugSecuUsuarioTest)  Time elapsed: 0 sec  <<< FAILURE!
java.lang.AssertionError: expected:<> but was:<null>
	at gt.gob.rgm.adm.model.RugSecuUsuarioTest.testGetBFirmado(RugSecuUsuarioTest.java:79)

testGetCorreos(gt.gob.rgm.adm.model.RugSecuUsuarioTest)  Time elapsed: 0 sec  <<< FAILURE!
java.lang.AssertionError: The test case is a prototype.
	at gt.gob.rgm.adm.model.RugSecuUsuarioTest.testGetCorreos(RugSecuUsuarioTest.java:756)

testGetPregRecuperaPsw(gt.gob.rgm.adm.model.RugSecuUsuarioTest)  Time elapsed: 0 sec  <<< FAILURE!
java.lang.AssertionError: expected:<> but was:<null>
	at gt.gob.rgm.adm.model.RugSecuUsuarioTest.testGetPregRecuperaPsw(RugSecuUsuarioTest.java:565)

testSetNumErroresPsw(gt.gob.rgm.adm.model.RugSecuUsuarioTest)  Time elapsed: 0 sec  <<< FAILURE!
java.lang.AssertionError: The test case is a prototype.
	at gt.gob.rgm.adm.model.RugSecuUsuarioTest.testSetNumErroresPsw(RugSecuUsuarioTest.java:499)

testGetCveInstitucion(gt.gob.rgm.adm.model.RugSecuUsuarioTest)  Time elapsed: 0 sec  <<< FAILURE!
java.lang.AssertionError: expected:<> but was:<null>
	at gt.gob.rgm.adm.model.RugSecuUsuarioTest.testGetCveInstitucion(RugSecuUsuarioTest.java:133)

testGetSitUsuario(gt.gob.rgm.adm.model.RugSecuUsuarioTest)  Time elapsed: 0.001 sec  <<< FAILURE!
java.lang.AssertionError: expected:<> but was:<null>
	at gt.gob.rgm.adm.model.RugSecuUsuarioTest.testGetSitUsuario(RugSecuUsuarioTest.java:619)

testSetPersona(gt.gob.rgm.adm.model.RugSecuUsuarioTest)  Time elapsed: 0 sec  <<< FAILURE!
java.lang.AssertionError: The test case is a prototype.
	at gt.gob.rgm.adm.model.RugSecuUsuarioTest.testSetPersona(RugSecuUsuarioTest.java:715)

testGetPersonaFisica(gt.gob.rgm.adm.model.RugSecuUsuarioTest)  Time elapsed: 0 sec  <<< FAILURE!
java.lang.AssertionError: The test case is a prototype.
	at gt.gob.rgm.adm.model.RugSecuUsuarioTest.testGetPersonaFisica(RugSecuUsuarioTest.java:675)

testGetFAsignaPsw(gt.gob.rgm.adm.model.RugSecuUsuarioTest)  Time elapsed: 0 sec  <<< FAILURE!
java.lang.AssertionError: The test case is a prototype.
	at gt.gob.rgm.adm.model.RugSecuUsuarioTest.testGetFAsignaPsw(RugSecuUsuarioTest.java:243)

testSetFProxCambPsw(gt.gob.rgm.adm.model.RugSecuUsuarioTest)  Time elapsed: 0 sec  <<< FAILURE!
java.lang.AssertionError: The test case is a prototype.
	at gt.gob.rgm.adm.model.RugSecuUsuarioTest.testSetFProxCambPsw(RugSecuUsuarioTest.java:283)

testGetCveUsuarioPadre(gt.gob.rgm.adm.model.RugSecuUsuarioTest)  Time elapsed: 0.001 sec  <<< FAILURE!
java.lang.AssertionError: expected:<> but was:<null>
	at gt.gob.rgm.adm.model.RugSecuUsuarioTest.testGetCveUsuarioPadre(RugSecuUsuarioTest.java:214)

testSetCveAcreedor(gt.gob.rgm.adm.model.RugSecuUsuarioTest)  Time elapsed: 0 sec  <<< FAILURE!
java.lang.AssertionError: The test case is a prototype.
	at gt.gob.rgm.adm.model.RugSecuUsuarioTest.testSetCveAcreedor(RugSecuUsuarioTest.java:121)

testGetIdGrupo(gt.gob.rgm.adm.model.RugSecuUsuarioTest)  Time elapsed: 0 sec  <<< FAILURE!
java.lang.AssertionError: The test case is a prototype.
	at gt.gob.rgm.adm.model.RugSecuUsuarioTest.testGetIdGrupo(RugSecuUsuarioTest.java:432)

testSetNumLogInvalido(gt.gob.rgm.adm.model.RugSecuUsuarioTest)  Time elapsed: 0.001 sec  <<< FAILURE!
java.lang.AssertionError: The test case is a prototype.
	at gt.gob.rgm.adm.model.RugSecuUsuarioTest.testSetNumLogInvalido(RugSecuUsuarioTest.java:526)

testSetToken(gt.gob.rgm.adm.model.RugSecuUsuarioTest)  Time elapsed: 0 sec  <<< FAILURE!
java.lang.AssertionError: The test case is a prototype.
	at gt.gob.rgm.adm.model.RugSecuUsuarioTest.testSetToken(RugSecuUsuarioTest.java:661)

