-------------------------------------------------------------------------------
Test set: gt.gob.rgm.adm.test.PdfTest
-------------------------------------------------------------------------------
Tests run: 1, Failures: 0, Errors: 1, Skipped: 0, Time elapsed: 8.929 sec <<< FAILURE! - in gt.gob.rgm.adm.test.PdfTest
testPdfs(gt.gob.rgm.adm.test.PdfTest)  Time elapsed: 0 sec  <<< ERROR!
java.lang.IllegalArgumentException: ArquillianServletRunner not found. Could not determine ContextRoot from ProtocolMetadata, please contact DeployableContainer developer.

