<?xml version="1.0" encoding="UTF-8"?>
<testsuite xmlns:xsi="http://www.w3.org/2001/XMLSchema-instance" xsi:schemaLocation="https://maven.apache.org/surefire/maven-surefire-plugin/xsd/surefire-test-report.xsd" name="gt.gob.rgm.adm.model.RugSecuUsuarioTest" time="0.141" tests="56" errors="0" skipped="0" failures="56">
  <properties>
[...]
</properties>
  <testcase name="testSetPregRecuperaPsw" classname="gt.gob.rgm.adm.model.RugSecuUsuarioTest" time="0.01">
    <failure message="The test case is a prototype." type="java.lang.AssertionError">java.lang.AssertionError: The test case is a prototype.
	at gt.gob.rgm.adm.model.RugSecuUsuarioTest.testSetPregRecuperaPsw(RugSecuUsuarioTest.java:580)
</failure>
    <system-out><![CDATA[setPregRecuperaPsw
]]></system-out>
  </testcase>
  <testcase name="testGetCveUsuario" classname="gt.gob.rgm.adm.model.RugSecuUsuarioTest" time="0">
    <failure message="expected:&lt;&gt; but was:&lt;null&gt;" type="java.lang.AssertionError"><![CDATA[java.lang.AssertionError: expected:<> but was:<null>
	at gt.gob.rgm.adm.model.RugSecuUsuarioTest.testGetCveUsuario(RugSecuUsuarioTest.java:187)
]]></failure>
    <system-out><![CDATA[getCveUsuario
]]></system-out>
  </testcase>
  <testcase name="testSetSitUsuario" classname="gt.gob.rgm.adm.model.RugSecuUsuarioTest" time="0">
    <failure message="The test case is a prototype." type="java.lang.AssertionError">java.lang.AssertionError: The test case is a prototype.
	at gt.gob.rgm.adm.model.RugSecuUsuarioTest.testSetSitUsuario(RugSecuUsuarioTest.java:634)
</failure>
    <system-out><![CDATA[setSitUsuario
]]></system-out>
  </testcase>
  <testcase name="testGetFhUltActualizacion" classname="gt.gob.rgm.adm.model.RugSecuUsuarioTest" time="0">
    <failure message="The test case is a prototype." type="java.lang.AssertionError">java.lang.AssertionError: The test case is a prototype.
	at gt.gob.rgm.adm.model.RugSecuUsuarioTest.testGetFhUltActualizacion(RugSecuUsuarioTest.java:405)
</failure>
    <system-out><![CDATA[getFhUltActualizacion
]]></system-out>
  </testcase>
  <testcase name="testSetPassword" classname="gt.gob.rgm.adm.model.RugSecuUsuarioTest" time="0">
    <failure message="The test case is a prototype." type="java.lang.AssertionError">java.lang.AssertionError: The test case is a prototype.
	at gt.gob.rgm.adm.model.RugSecuUsuarioTest.testSetPassword(RugSecuUsuarioTest.java:553)
</failure>
    <system-out><![CDATA[setPassword
]]></system-out>
  </testcase>
  <testcase name="testGetFhUltAcceso" classname="gt.gob.rgm.adm.model.RugSecuUsuarioTest" time="0">
    <failure message="The test case is a prototype." type="java.lang.AssertionError">java.lang.AssertionError: The test case is a prototype.
	at gt.gob.rgm.adm.model.RugSecuUsuarioTest.testGetFhUltAcceso(RugSecuUsuarioTest.java:378)
</failure>
    <system-out><![CDATA[getFhUltAcceso
]]></system-out>
  </testcase>
  <testcase name="testSetFAsignaPsw" classname="gt.gob.rgm.adm.model.RugSecuUsuarioTest" time="0">
    <failure message="The test case is a prototype." type="java.lang.AssertionError">java.lang.AssertionError: The test case is a prototype.
	at gt.gob.rgm.adm.model.RugSecuUsuarioTest.testSetFAsignaPsw(RugSecuUsuarioTest.java:256)
</failure>
    <system-out><![CDATA[setFAsignaPsw
]]></system-out>
  </testcase>
  <testcase name="testGetPassword" classname="gt.gob.rgm.adm.model.RugSecuUsuarioTest" time="0">
    <failure message="expected:&lt;&gt; but was:&lt;null&gt;" type="java.lang.AssertionError"><![CDATA[java.lang.AssertionError: expected:<> but was:<null>
	at gt.gob.rgm.adm.model.RugSecuUsuarioTest.testGetPassword(RugSecuUsuarioTest.java:538)
]]></failure>
    <system-out><![CDATA[getPassword
]]></system-out>
  </testcase>
  <testcase name="testSetNomAlias" classname="gt.gob.rgm.adm.model.RugSecuUsuarioTest" time="0.001">
    <failure message="The test case is a prototype." type="java.lang.AssertionError">java.lang.AssertionError: The test case is a prototype.
	at gt.gob.rgm.adm.model.RugSecuUsuarioTest.testSetNomAlias(RugSecuUsuarioTest.java:472)
</failure>
    <system-out><![CDATA[setNomAlias
]]></system-out>
  </testcase>
  <testcase name="testGetToken" classname="gt.gob.rgm.adm.model.RugSecuUsuarioTest" time="0">
    <failure message="expected:&lt;&gt; but was:&lt;null&gt;" type="java.lang.AssertionError"><![CDATA[java.lang.AssertionError: expected:<> but was:<null>
	at gt.gob.rgm.adm.model.RugSecuUsuarioTest.testGetToken(RugSecuUsuarioTest.java:646)
]]></failure>
    <system-out><![CDATA[getToken
]]></system-out>
  </testcase>
  <testcase name="testGetNomAlias" classname="gt.gob.rgm.adm.model.RugSecuUsuarioTest" time="0">
    <failure message="expected:&lt;&gt; but was:&lt;null&gt;" type="java.lang.AssertionError"><![CDATA[java.lang.AssertionError: expected:<> but was:<null>
	at gt.gob.rgm.adm.model.RugSecuUsuarioTest.testGetNomAlias(RugSecuUsuarioTest.java:457)
]]></failure>
    <system-out><![CDATA[getNomAlias
]]></system-out>
  </testcase>
  <testcase name="testSetCveUsuarioPadre" classname="gt.gob.rgm.adm.model.RugSecuUsuarioTest" time="0.001">
    <failure message="The test case is a prototype." type="java.lang.AssertionError">java.lang.AssertionError: The test case is a prototype.
	at gt.gob.rgm.adm.model.RugSecuUsuarioTest.testSetCveUsuarioPadre(RugSecuUsuarioTest.java:229)
</failure>
    <system-out><![CDATA[setCveUsuarioPadre
]]></system-out>
  </testcase>
  <testcase name="testGetNumLogInvalido" classname="gt.gob.rgm.adm.model.RugSecuUsuarioTest" time="0">
    <failure message="The test case is a prototype." type="java.lang.AssertionError">java.lang.AssertionError: The test case is a prototype.
	at gt.gob.rgm.adm.model.RugSecuUsuarioTest.testGetNumLogInvalido(RugSecuUsuarioTest.java:513)
</failure>
    <system-out><![CDATA[getNumLogInvalido
]]></system-out>
  </testcase>
  <testcase name="testSetCveUsuario" classname="gt.gob.rgm.adm.model.RugSecuUsuarioTest" time="0.001">
    <failure message="The test case is a prototype." type="java.lang.AssertionError">java.lang.AssertionError: The test case is a prototype.
	at gt.gob.rgm.adm.model.RugSecuUsuarioTest.testSetCveUsuario(RugSecuUsuarioTest.java:202)
</failure>
    <system-out><![CDATA[setCveUsuario
]]></system-out>
  </testcase>
  <testcase name="testGetNumErroresPsw" classname="gt.gob.rgm.adm.model.RugSecuUsuarioTest" time="0">
    <failure message="The test case is a prototype." type="java.lang.AssertionError">java.lang.AssertionError: The test case is a prototype.
	at gt.gob.rgm.adm.model.RugSecuUsuarioTest.testGetNumErroresPsw(RugSecuUsuarioTest.java:486)
</failure>
    <system-out><![CDATA[getNumErroresPsw
]]></system-out>
  </testcase>
  <testcase name="testSetCorreos" classname="gt.gob.rgm.adm.model.RugSecuUsuarioTest" time="0.002">
    <failure message="The test case is a prototype." type="java.lang.AssertionError">java.lang.AssertionError: The test case is a prototype.
	at gt.gob.rgm.adm.model.RugSecuUsuarioTest.testSetCorreos(RugSecuUsuarioTest.java:769)
</failure>
    <system-out><![CDATA[setCorreos
]]></system-out>
  </testcase>
  <testcase name="testGetFhRegistro" classname="gt.gob.rgm.adm.model.RugSecuUsuarioTest" time="0">
    <failure message="The test case is a prototype." type="java.lang.AssertionError">java.lang.AssertionError: The test case is a prototype.
	at gt.gob.rgm.adm.model.RugSecuUsuarioTest.testGetFhRegistro(RugSecuUsuarioTest.java:351)
</failure>
    <system-out><![CDATA[getFhRegistro
]]></system-out>
  </testcase>
  <testcase name="testGetFVencePsw" classname="gt.gob.rgm.adm.model.RugSecuUsuarioTest" time="0">
    <failure message="The test case is a prototype." type="java.lang.AssertionError">java.lang.AssertionError: The test case is a prototype.
	at gt.gob.rgm.adm.model.RugSecuUsuarioTest.testGetFVencePsw(RugSecuUsuarioTest.java:297)
</failure>
    <system-out><![CDATA[getFVencePsw
]]></system-out>
  </testcase>
  <testcase name="testGetCveAcreedor" classname="gt.gob.rgm.adm.model.RugSecuUsuarioTest" time="0">
    <failure message="expected:&lt;&gt; but was:&lt;null&gt;" type="java.lang.AssertionError"><![CDATA[java.lang.AssertionError: expected:<> but was:<null>
	at gt.gob.rgm.adm.model.RugSecuUsuarioTest.testGetCveAcreedor(RugSecuUsuarioTest.java:106)
]]></failure>
    <system-out><![CDATA[getCveAcreedor
]]></system-out>
  </testcase>
  <testcase name="testGetRespRecuperaPsw" classname="gt.gob.rgm.adm.model.RugSecuUsuarioTest" time="0.001">
    <failure message="expected:&lt;&gt; but was:&lt;null&gt;" type="java.lang.AssertionError"><![CDATA[java.lang.AssertionError: expected:<> but was:<null>
	at gt.gob.rgm.adm.model.RugSecuUsuarioTest.testGetRespRecuperaPsw(RugSecuUsuarioTest.java:592)
]]></failure>
    <system-out><![CDATA[getRespRecuperaPsw
]]></system-out>
  </testcase>
  <testcase name="testGetIdPersona" classname="gt.gob.rgm.adm.model.RugSecuUsuarioTest" time="0">
    <failure message="The test case is a prototype." type="java.lang.AssertionError">java.lang.AssertionError: The test case is a prototype.
	at gt.gob.rgm.adm.model.RugSecuUsuarioTest.testGetIdPersona(RugSecuUsuarioTest.java:54)
</failure>
    <system-out><![CDATA[getIdPersona
]]></system-out>
  </testcase>
  <testcase name="testGetCveUsuAutenticacion" classname="gt.gob.rgm.adm.model.RugSecuUsuarioTest" time="0.001">
    <failure message="expected:&lt;&gt; but was:&lt;null&gt;" type="java.lang.AssertionError"><![CDATA[java.lang.AssertionError: expected:<> but was:<null>
	at gt.gob.rgm.adm.model.RugSecuUsuarioTest.testGetCveUsuAutenticacion(RugSecuUsuarioTest.java:160)
]]></failure>
    <system-out><![CDATA[getCveUsuAutenticacion
]]></system-out>
  </testcase>
  <testcase name="testSetIdGrupo" classname="gt.gob.rgm.adm.model.RugSecuUsuarioTest" time="0.001">
    <failure message="The test case is a prototype." type="java.lang.AssertionError">java.lang.AssertionError: The test case is a prototype.
	at gt.gob.rgm.adm.model.RugSecuUsuarioTest.testSetIdGrupo(RugSecuUsuarioTest.java:445)
</failure>
    <system-out><![CDATA[setIdGrupo
]]></system-out>
  </testcase>
  <testcase name="testGetPersona" classname="gt.gob.rgm.adm.model.RugSecuUsuarioTest" time="0">
    <failure message="The test case is a prototype." type="java.lang.AssertionError">java.lang.AssertionError: The test case is a prototype.
	at gt.gob.rgm.adm.model.RugSecuUsuarioTest.testGetPersona(RugSecuUsuarioTest.java:702)
</failure>
    <system-out><![CDATA[getPersona
]]></system-out>
  </testcase>
  <testcase name="testSetPersonaFisica" classname="gt.gob.rgm.adm.model.RugSecuUsuarioTest" time="0">
    <failure message="The test case is a prototype." type="java.lang.AssertionError">java.lang.AssertionError: The test case is a prototype.
	at gt.gob.rgm.adm.model.RugSecuUsuarioTest.testSetPersonaFisica(RugSecuUsuarioTest.java:688)
</failure>
    <system-out><![CDATA[setPersonaFisica
]]></system-out>
  </testcase>
  <testcase name="testSetFhRegistro" classname="gt.gob.rgm.adm.model.RugSecuUsuarioTest" time="0">
    <failure message="The test case is a prototype." type="java.lang.AssertionError">java.lang.AssertionError: The test case is a prototype.
	at gt.gob.rgm.adm.model.RugSecuUsuarioTest.testSetFhRegistro(RugSecuUsuarioTest.java:364)
</failure>
    <system-out><![CDATA[setFhRegistro
]]></system-out>
  </testcase>
  <testcase name="testSetAdjuntos" classname="gt.gob.rgm.adm.model.RugSecuUsuarioTest" time="0">
    <failure message="The test case is a prototype." type="java.lang.AssertionError">java.lang.AssertionError: The test case is a prototype.
	at gt.gob.rgm.adm.model.RugSecuUsuarioTest.testSetAdjuntos(RugSecuUsuarioTest.java:742)
</failure>
    <system-out><![CDATA[setAdjuntos
]]></system-out>
  </testcase>
  <testcase name="testGetIsJudicial" classname="gt.gob.rgm.adm.model.RugSecuUsuarioTest" time="0">
    <failure message="expected:&lt;&gt; but was:&lt;null&gt;" type="java.lang.AssertionError"><![CDATA[java.lang.AssertionError: expected:<> but was:<null>
	at gt.gob.rgm.adm.model.RugSecuUsuarioTest.testGetIsJudicial(RugSecuUsuarioTest.java:781)
]]></failure>
    <system-out><![CDATA[getIsJudicial
]]></system-out>
  </testcase>
  <testcase name="testSetRespRecuperaPsw" classname="gt.gob.rgm.adm.model.RugSecuUsuarioTest" time="0.001">
    <failure message="The test case is a prototype." type="java.lang.AssertionError">java.lang.AssertionError: The test case is a prototype.
	at gt.gob.rgm.adm.model.RugSecuUsuarioTest.testSetRespRecuperaPsw(RugSecuUsuarioTest.java:607)
</failure>
    <system-out><![CDATA[setRespRecuperaPsw
]]></system-out>
  </testcase>
  <testcase name="testGetAdjuntos" classname="gt.gob.rgm.adm.model.RugSecuUsuarioTest" time="0">
    <failure message="The test case is a prototype." type="java.lang.AssertionError">java.lang.AssertionError: The test case is a prototype.
	at gt.gob.rgm.adm.model.RugSecuUsuarioTest.testGetAdjuntos(RugSecuUsuarioTest.java:729)
</failure>
    <system-out><![CDATA[getAdjuntos
]]></system-out>
  </testcase>
  <testcase name="testSetCveInstitucion" classname="gt.gob.rgm.adm.model.RugSecuUsuarioTest" time="0">
    <failure message="The test case is a prototype." type="java.lang.AssertionError">java.lang.AssertionError: The test case is a prototype.
	at gt.gob.rgm.adm.model.RugSecuUsuarioTest.testSetCveInstitucion(RugSecuUsuarioTest.java:148)
</failure>
    <system-out><![CDATA[setCveInstitucion
]]></system-out>
  </testcase>
  <testcase name="testSetFhUltActualizacion" classname="gt.gob.rgm.adm.model.RugSecuUsuarioTest" time="0">
    <failure message="The test case is a prototype." type="java.lang.AssertionError">java.lang.AssertionError: The test case is a prototype.
	at gt.gob.rgm.adm.model.RugSecuUsuarioTest.testSetFhUltActualizacion(RugSecuUsuarioTest.java:418)
</failure>
    <system-out><![CDATA[setFhUltActualizacion
]]></system-out>
  </testcase>
  <testcase name="testSetCveUsuAutenticacion" classname="gt.gob.rgm.adm.model.RugSecuUsuarioTest" time="0">
    <failure message="The test case is a prototype." type="java.lang.AssertionError">java.lang.AssertionError: The test case is a prototype.
	at gt.gob.rgm.adm.model.RugSecuUsuarioTest.testSetCveUsuAutenticacion(RugSecuUsuarioTest.java:175)
</failure>
    <system-out><![CDATA[setCveUsuAutenticacion
]]></system-out>
  </testcase>
  <testcase name="testSetFhUltAcceso" classname="gt.gob.rgm.adm.model.RugSecuUsuarioTest" time="0">
    <failure message="The test case is a prototype." type="java.lang.AssertionError">java.lang.AssertionError: The test case is a prototype.
	at gt.gob.rgm.adm.model.RugSecuUsuarioTest.testSetFhUltAcceso(RugSecuUsuarioTest.java:391)
</failure>
    <system-out><![CDATA[setFhUltAcceso
]]></system-out>
  </testcase>
  <testcase name="testSetFVencePsw" classname="gt.gob.rgm.adm.model.RugSecuUsuarioTest" time="0">
    <failure message="The test case is a prototype." type="java.lang.AssertionError">java.lang.AssertionError: The test case is a prototype.
	at gt.gob.rgm.adm.model.RugSecuUsuarioTest.testSetFVencePsw(RugSecuUsuarioTest.java:310)
</failure>
    <system-out><![CDATA[setFVencePsw
]]></system-out>
  </testcase>
  <testcase name="testSetFhBaja" classname="gt.gob.rgm.adm.model.RugSecuUsuarioTest" time="0.001">
    <failure message="The test case is a prototype." type="java.lang.AssertionError">java.lang.AssertionError: The test case is a prototype.
	at gt.gob.rgm.adm.model.RugSecuUsuarioTest.testSetFhBaja(RugSecuUsuarioTest.java:337)
</failure>
    <system-out><![CDATA[setFhBaja
]]></system-out>
  </testcase>
  <testcase name="testGetFProxCambPsw" classname="gt.gob.rgm.adm.model.RugSecuUsuarioTest" time="0">
    <failure message="The test case is a prototype." type="java.lang.AssertionError">java.lang.AssertionError: The test case is a prototype.
	at gt.gob.rgm.adm.model.RugSecuUsuarioTest.testGetFProxCambPsw(RugSecuUsuarioTest.java:270)
</failure>
    <system-out><![CDATA[getFProxCambPsw
]]></system-out>
  </testcase>
  <testcase name="testSetIdPersona" classname="gt.gob.rgm.adm.model.RugSecuUsuarioTest" time="0">
    <failure message="The test case is a prototype." type="java.lang.AssertionError">java.lang.AssertionError: The test case is a prototype.
	at gt.gob.rgm.adm.model.RugSecuUsuarioTest.testSetIdPersona(RugSecuUsuarioTest.java:67)
</failure>
    <system-out><![CDATA[setIdPersona
]]></system-out>
  </testcase>
  <testcase name="testSetIsJudicial" classname="gt.gob.rgm.adm.model.RugSecuUsuarioTest" time="0.001">
    <failure message="The test case is a prototype." type="java.lang.AssertionError">java.lang.AssertionError: The test case is a prototype.
	at gt.gob.rgm.adm.model.RugSecuUsuarioTest.testSetIsJudicial(RugSecuUsuarioTest.java:796)
</failure>
    <system-out><![CDATA[setIsJudicial
]]></system-out>
  </testcase>
  <testcase name="testGetFhBaja" classname="gt.gob.rgm.adm.model.RugSecuUsuarioTest" time="0.001">
    <failure message="The test case is a prototype." type="java.lang.AssertionError">java.lang.AssertionError: The test case is a prototype.
	at gt.gob.rgm.adm.model.RugSecuUsuarioTest.testGetFhBaja(RugSecuUsuarioTest.java:324)
</failure>
    <system-out><![CDATA[getFhBaja
]]></system-out>
  </testcase>
  <testcase name="testSetBFirmado" classname="gt.gob.rgm.adm.model.RugSecuUsuarioTest" time="0.001">
    <failure message="The test case is a prototype." type="java.lang.AssertionError">java.lang.AssertionError: The test case is a prototype.
	at gt.gob.rgm.adm.model.RugSecuUsuarioTest.testSetBFirmado(RugSecuUsuarioTest.java:94)
</failure>
    <system-out><![CDATA[setBFirmado
]]></system-out>
  </testcase>
  <testcase name="testGetBFirmado" classname="gt.gob.rgm.adm.model.RugSecuUsuarioTest" time="0">
    <failure message="expected:&lt;&gt; but was:&lt;null&gt;" type="java.lang.AssertionError"><![CDATA[java.lang.AssertionError: expected:<> but was:<null>
	at gt.gob.rgm.adm.model.RugSecuUsuarioTest.testGetBFirmado(RugSecuUsuarioTest.java:79)
]]></failure>
    <system-out><![CDATA[getBFirmado
]]></system-out>
  </testcase>
  <testcase name="testGetCorreos" classname="gt.gob.rgm.adm.model.RugSecuUsuarioTest" time="0">
    <failure message="The test case is a prototype." type="java.lang.AssertionError">java.lang.AssertionError: The test case is a prototype.
	at gt.gob.rgm.adm.model.RugSecuUsuarioTest.testGetCorreos(RugSecuUsuarioTest.java:756)
</failure>
    <system-out><![CDATA[getCorreos
]]></system-out>
  </testcase>
  <testcase name="testGetPregRecuperaPsw" classname="gt.gob.rgm.adm.model.RugSecuUsuarioTest" time="0">
    <failure message="expected:&lt;&gt; but was:&lt;null&gt;" type="java.lang.AssertionError"><![CDATA[java.lang.AssertionError: expected:<> but was:<null>
	at gt.gob.rgm.adm.model.RugSecuUsuarioTest.testGetPregRecuperaPsw(RugSecuUsuarioTest.java:565)
]]></failure>
    <system-out><![CDATA[getPregRecuperaPsw
]]></system-out>
  </testcase>
  <testcase name="testSetNumErroresPsw" classname="gt.gob.rgm.adm.model.RugSecuUsuarioTest" time="0">
    <failure message="The test case is a prototype." type="java.lang.AssertionError">java.lang.AssertionError: The test case is a prototype.
	at gt.gob.rgm.adm.model.RugSecuUsuarioTest.testSetNumErroresPsw(RugSecuUsuarioTest.java:499)
</failure>
    <system-out><![CDATA[setNumErroresPsw
]]></system-out>
  </testcase>
  <testcase name="testGetCveInstitucion" classname="gt.gob.rgm.adm.model.RugSecuUsuarioTest" time="0">
    <failure message="expected:&lt;&gt; but was:&lt;null&gt;" type="java.lang.AssertionError"><![CDATA[java.lang.AssertionError: expected:<> but was:<null>
	at gt.gob.rgm.adm.model.RugSecuUsuarioTest.testGetCveInstitucion(RugSecuUsuarioTest.java:133)
]]></failure>
    <system-out><![CDATA[getCveInstitucion
]]></system-out>
  </testcase>
  <testcase name="testGetSitUsuario" classname="gt.gob.rgm.adm.model.RugSecuUsuarioTest" time="0.001">
    <failure message="expected:&lt;&gt; but was:&lt;null&gt;" type="java.lang.AssertionError"><![CDATA[java.lang.AssertionError: expected:<> but was:<null>
	at gt.gob.rgm.adm.model.RugSecuUsuarioTest.testGetSitUsuario(RugSecuUsuarioTest.java:619)
]]></failure>
    <system-out><![CDATA[getSitUsuario
]]></system-out>
  </testcase>
  <testcase name="testSetPersona" classname="gt.gob.rgm.adm.model.RugSecuUsuarioTest" time="0">
    <failure message="The test case is a prototype." type="java.lang.AssertionError">java.lang.AssertionError: The test case is a prototype.
	at gt.gob.rgm.adm.model.RugSecuUsuarioTest.testSetPersona(RugSecuUsuarioTest.java:715)
</failure>
    <system-out><![CDATA[setPersona
]]></system-out>
  </testcase>
  <testcase name="testGetPersonaFisica" classname="gt.gob.rgm.adm.model.RugSecuUsuarioTest" time="0">
    <failure message="The test case is a prototype." type="java.lang.AssertionError">java.lang.AssertionError: The test case is a prototype.
	at gt.gob.rgm.adm.model.RugSecuUsuarioTest.testGetPersonaFisica(RugSecuUsuarioTest.java:675)
</failure>
    <system-out><![CDATA[getPersonaFisica
]]></system-out>
  </testcase>
  <testcase name="testGetFAsignaPsw" classname="gt.gob.rgm.adm.model.RugSecuUsuarioTest" time="0">
    <failure message="The test case is a prototype." type="java.lang.AssertionError">java.lang.AssertionError: The test case is a prototype.
	at gt.gob.rgm.adm.model.RugSecuUsuarioTest.testGetFAsignaPsw(RugSecuUsuarioTest.java:243)
</failure>
    <system-out><![CDATA[getFAsignaPsw
]]></system-out>
  </testcase>
  <testcase name="testSetFProxCambPsw" classname="gt.gob.rgm.adm.model.RugSecuUsuarioTest" time="0">
    <failure message="The test case is a prototype." type="java.lang.AssertionError">java.lang.AssertionError: The test case is a prototype.
	at gt.gob.rgm.adm.model.RugSecuUsuarioTest.testSetFProxCambPsw(RugSecuUsuarioTest.java:283)
</failure>
    <system-out><![CDATA[setFProxCambPsw
]]></system-out>
  </testcase>
  <testcase name="testGetCveUsuarioPadre" classname="gt.gob.rgm.adm.model.RugSecuUsuarioTest" time="0.001">
    <failure message="expected:&lt;&gt; but was:&lt;null&gt;" type="java.lang.AssertionError"><![CDATA[java.lang.AssertionError: expected:<> but was:<null>
	at gt.gob.rgm.adm.model.RugSecuUsuarioTest.testGetCveUsuarioPadre(RugSecuUsuarioTest.java:214)
]]></failure>
    <system-out><![CDATA[getCveUsuarioPadre
]]></system-out>
  </testcase>
  <testcase name="testSetCveAcreedor" classname="gt.gob.rgm.adm.model.RugSecuUsuarioTest" time="0">
    <failure message="The test case is a prototype." type="java.lang.AssertionError">java.lang.AssertionError: The test case is a prototype.
	at gt.gob.rgm.adm.model.RugSecuUsuarioTest.testSetCveAcreedor(RugSecuUsuarioTest.java:121)
</failure>
    <system-out><![CDATA[setCveAcreedor
]]></system-out>
  </testcase>
  <testcase name="testGetIdGrupo" classname="gt.gob.rgm.adm.model.RugSecuUsuarioTest" time="0">
    <failure message="The test case is a prototype." type="java.lang.AssertionError">java.lang.AssertionError: The test case is a prototype.
	at gt.gob.rgm.adm.model.RugSecuUsuarioTest.testGetIdGrupo(RugSecuUsuarioTest.java:432)
</failure>
    <system-out><![CDATA[getIdGrupo
]]></system-out>
  </testcase>
  <testcase name="testSetNumLogInvalido" classname="gt.gob.rgm.adm.model.RugSecuUsuarioTest" time="0.001">
    <failure message="The test case is a prototype." type="java.lang.AssertionError">java.lang.AssertionError: The test case is a prototype.
	at gt.gob.rgm.adm.model.RugSecuUsuarioTest.testSetNumLogInvalido(RugSecuUsuarioTest.java:526)
</failure>
    <system-out><![CDATA[setNumLogInvalido
]]></system-out>
  </testcase>
  <testcase name="testSetToken" classname="gt.gob.rgm.adm.model.RugSecuUsuarioTest" time="0">
    <failure message="The test case is a prototype." type="java.lang.AssertionError">java.lang.AssertionError: The test case is a prototype.
	at gt.gob.rgm.adm.model.RugSecuUsuarioTest.testSetToken(RugSecuUsuarioTest.java:661)
</failure>
    <system-out><![CDATA[setToken
]]></system-out>
  </testcase>
</testsuite>